Arguments: 
  C:\Program Files\nodejs\node.exe C:\Users\naoyuki\AppData\Roaming\npm\node_modules\yarn\bin\yarn.js add --dev @nuct/typescript-runtime

PATH: 
  C:\Program Files\Git\mingw64\bin;C:\Program Files\Git\usr\bin;C:\Users\naoyuki\bin;C:\Program Files\BellSoft\LibericaJDK-14\bin;C:\WINDOWS\system32;C:\WINDOWS;C:\WINDOWS\System32\Wbem;C:\WINDOWS\System32\WindowsPowerShell\v1.0;C:\WINDOWS\System32\OpenSSH;C:\Program Files (x86)\Brackets\command;C:\PROGRA~1\JPKI;C:\Program Files\java\jdk-14.0.1\bin;C:\Program Files\Git\cmd;C:\HashiCorp\Vagrant\bin;C:\Users\naoyuki\AppData\Roaming\nvm;C:\Program Files\nodejs;C:\Program Files\nodejs;C:\Users\naoyuki\AppData\Local\Microsoft\WindowsApps;C:\ProgramData\naoyuki\atom\bin;C:\Users\naoyuki\AppData\Local\atom\bin;C:\Users\naoyuki\AppData\Local\Programs\Microsoft VS Code\bin;C:\Users\naoyuki\AppData\Roaming\nvm;C:\Program Files\nodejs;C:\Users\naoyuki\AppData\Roaming\npm;C:\Users\naoyuki\AppData\Local\Microsoft\WindowsApps

Yarn version: 
  1.22.4

Node version: 
  14.4.0

Platform: 
  win32 x64

Trace: 
  Error: https://registry.yarnpkg.com/@nuct%2ftypescript-runtime: Not found
      at Request.params.callback [as _callback] (C:\Users\naoyuki\AppData\Roaming\npm\node_modules\yarn\lib\cli.js:66987:18)
      at Request.self.callback (C:\Users\naoyuki\AppData\Roaming\npm\node_modules\yarn\lib\cli.js:140748:22)
      at Request.emit (events.js:315:20)
      at Request.<anonymous> (C:\Users\naoyuki\AppData\Roaming\npm\node_modules\yarn\lib\cli.js:141720:10)
      at Request.emit (events.js:315:20)
      at IncomingMessage.<anonymous> (C:\Users\naoyuki\AppData\Roaming\npm\node_modules\yarn\lib\cli.js:141642:12)
      at Object.onceWrapper (events.js:421:28)
      at IncomingMessage.emit (events.js:327:22)
      at endReadableNT (_stream_readable.js:1224:12)
      at processTicksAndRejections (internal/process/task_queues.js:84:21)

npm manifest: 
  {
    "name": "studyfile",
    "version": "1.0.0",
    "private": true,
    "scripts": {
      "dev": "nuxt",
      "build": "nuxt-ts build",
      "start": "nuxt-ts start",
      "export": "nuxt-ts export",
      "serve": "nuxt-ts serve"
    },
    "dependencies": {
      "@nuxt/typescript-runtime": "^0.4.10",
      "nuxt": "^2.13.0"
    },
    "devDependencies": {
      "@nuxt/typescript-build": "^1.0.3",
      "@nuxtjs/vuetify": "^1.11.2"
    }
  }

yarn manifest: 
  No manifest

Lockfile: 
  No lockfile
